TN:
SF:/Users/adinoyisadiq/Documents/code/work/goodfellas-ah-frontend/src/index.js
FNF:0
FNH:0
DA:1,0
DA:2,0
DA:3,0
DA:4,0
DA:5,0
DA:7,0
LF:6
LH:0
BRF:0
BRH:0
end_of_record
TN:
SF:/Users/adinoyisadiq/Documents/code/work/goodfellas-ah-frontend/src/root.js
FN:11,(anonymous_0)
FNF:1
FNH:1
FNDA:28,(anonymous_0)
DA:8,7
DA:9,7
DA:12,28
DA:13,28
LF:4
LH:4
BRDA:11,0,0,28
BRF:1
BRH:1
end_of_record
TN:
SF:/Users/adinoyisadiq/Documents/code/work/goodfellas-ah-frontend/src/setupTests.js
FNF:0
FNH:0
DA:4,18
LF:1
LH:1
BRF:0
BRH:0
end_of_record
TN:
SF:/Users/adinoyisadiq/Documents/code/work/goodfellas-ah-frontend/src/actions/actionTypes.js
FNF:0
FNH:0
DA:1,12
DA:2,12
DA:3,12
DA:4,12
DA:5,12
LF:5
LH:5
BRF:0
BRH:0
end_of_record
TN:
SF:/Users/adinoyisadiq/Documents/code/work/goodfellas-ah-frontend/src/actions/articleActions.js
FN:5,(anonymous_0)
FN:5,(anonymous_1)
FNF:2
FNH:2
FNDA:6,(anonymous_0)
FNDA:6,(anonymous_1)
DA:5,6
DA:6,6
DA:7,6
DA:8,1
DA:13,1
LF:5
LH:5
BRF:0
BRH:0
end_of_record
TN:
SF:/Users/adinoyisadiq/Documents/code/work/goodfellas-ah-frontend/src/actions/authActions.js
FN:4,(anonymous_0)
FN:4,(anonymous_1)
FN:21,(anonymous_2)
FN:21,(anonymous_3)
FN:35,(anonymous_4)
FN:35,(anonymous_5)
FN:52,(anonymous_6)
FNF:7
FNH:6
FNDA:1,(anonymous_0)
FNDA:1,(anonymous_1)
FNDA:1,(anonymous_2)
FNDA:1,(anonymous_3)
FNDA:2,(anonymous_4)
FNDA:2,(anonymous_5)
FNDA:0,(anonymous_6)
DA:4,9
DA:5,1
DA:6,1
DA:7,0
DA:11,0
DA:12,0
DA:14,0
DA:21,9
DA:22,1
DA:23,1
DA:24,0
DA:25,0
DA:26,0
DA:28,0
DA:35,9
DA:36,2
DA:37,2
DA:40,0
DA:41,0
DA:42,0
DA:44,0
DA:48,0
DA:52,9
DA:53,0
DA:55,0
LF:25
LH:10
BRDA:16,0,0,0
BRDA:16,0,1,0
BRDA:30,1,0,0
BRDA:30,1,1,0
BRDA:46,2,0,0
BRDA:46,2,1,0
BRF:6
BRH:0
end_of_record
TN:
SF:/Users/adinoyisadiq/Documents/code/work/goodfellas-ah-frontend/src/components/Auth/AuthFormToggle.js
FN:6,(anonymous_0)
FNF:1
FNH:1
FNDA:1,(anonymous_0)
DA:7,1
DA:8,1
DA:9,1
DA:10,1
LF:4
LH:4
BRDA:8,0,0,1
BRDA:8,0,1,0
BRDA:9,1,0,0
BRDA:9,1,1,1
BRF:4
BRH:2
end_of_record
TN:
SF:/Users/adinoyisadiq/Documents/code/work/goodfellas-ah-frontend/src/components/Auth/AuthImage.js
FN:3,(anonymous_0)
FNF:1
FNH:1
FNDA:1,(anonymous_0)
DA:3,4
DA:4,1
LF:2
LH:2
BRF:0
BRH:0
end_of_record
TN:
SF:/Users/adinoyisadiq/Documents/code/work/goodfellas-ah-frontend/src/components/Auth/SocialButton.js
FN:3,(anonymous_0)
FNF:1
FNH:1
FNDA:8,(anonymous_0)
DA:3,6
DA:4,8
LF:2
LH:2
BRF:0
BRH:0
end_of_record
TN:
SF:/Users/adinoyisadiq/Documents/code/work/goodfellas-ah-frontend/src/components/Auth/SocialButtonList.js
FN:8,(anonymous_0)
FNF:1
FNH:1
FNDA:2,(anonymous_0)
DA:8,4
DA:9,2
LF:2
LH:2
BRF:0
BRH:0
end_of_record
TN:
SF:/Users/adinoyisadiq/Documents/code/work/goodfellas-ah-frontend/src/components/LandingPage/ExploreSection.js
FN:4,(anonymous_0)
FNF:1
FNH:1
FNDA:1,(anonymous_0)
DA:4,2
DA:5,1
LF:2
LH:2
BRF:0
BRH:0
end_of_record
TN:
SF:/Users/adinoyisadiq/Documents/code/work/goodfellas-ah-frontend/src/components/LandingPage/HeroSection.js
FN:7,(anonymous_0)
FN:63,mapStatetoProps
FNF:2
FNH:2
FNDA:1,(anonymous_0)
FNDA:1,mapStatetoProps
DA:7,2
DA:8,1
DA:9,1
DA:64,1
LF:4
LH:4
BRDA:21,0,0,0
BRDA:21,0,1,1
BRF:2
BRH:1
end_of_record
TN:
SF:/Users/adinoyisadiq/Documents/code/work/goodfellas-ah-frontend/src/components/LandingPage/LandingPageBody.js
FN:4,(anonymous_0)
FNF:1
FNH:1
FNDA:1,(anonymous_0)
DA:4,2
DA:5,1
LF:2
LH:2
BRF:0
BRH:0
end_of_record
TN:
SF:/Users/adinoyisadiq/Documents/code/work/goodfellas-ah-frontend/src/components/layout/Auth.js
FN:6,(anonymous_0)
FNF:1
FNH:0
FNDA:0,(anonymous_0)
DA:6,3
DA:7,0
DA:8,0
LF:3
LH:1
BRF:0
BRH:0
end_of_record
TN:
SF:/Users/adinoyisadiq/Documents/code/work/goodfellas-ah-frontend/src/components/layout/LandingPage.js
FN:7,(anonymous_0)
FNF:1
FNH:1
FNDA:1,(anonymous_0)
DA:7,2
DA:8,1
LF:2
LH:2
BRF:0
BRH:0
end_of_record
TN:
SF:/Users/adinoyisadiq/Documents/code/work/goodfellas-ah-frontend/src/components/shared/AuthButton.js
FN:3,(anonymous_0)
FNF:1
FNH:1
FNDA:57,(anonymous_0)
DA:3,5
DA:4,57
LF:2
LH:2
BRF:0
BRH:0
end_of_record
TN:
SF:/Users/adinoyisadiq/Documents/code/work/goodfellas-ah-frontend/src/components/shared/AuthInput.js
FN:3,(anonymous_0)
FNF:1
FNH:1
FNDA:237,(anonymous_0)
DA:3,5
DA:6,237
DA:7,237
LF:3
LH:3
BRDA:11,0,0,237
BRDA:11,0,1,98
BRF:2
BRH:2
end_of_record
TN:
SF:/Users/adinoyisadiq/Documents/code/work/goodfellas-ah-frontend/src/components/shared/Button.js
FN:4,(anonymous_0)
FNF:1
FNH:1
FNDA:2,(anonymous_0)
DA:4,2
DA:5,2
DA:6,2
LF:3
LH:3
BRF:0
BRH:0
end_of_record
TN:
SF:/Users/adinoyisadiq/Documents/code/work/goodfellas-ah-frontend/src/components/shared/Footer.js
FN:4,(anonymous_0)
FNF:1
FNH:1
FNDA:1,(anonymous_0)
DA:4,2
DA:5,1
LF:2
LH:2
BRF:0
BRH:0
end_of_record
TN:
SF:/Users/adinoyisadiq/Documents/code/work/goodfellas-ah-frontend/src/components/shared/Header.js
FN:7,(anonymous_0)
FN:11,(anonymous_1)
FN:20,(anonymous_2)
FN:28,(anonymous_3)
FN:154,mapStatetoProps
FNF:5
FNH:5
FNDA:1,(anonymous_0)
FNDA:2,(anonymous_1)
FNDA:2,(anonymous_2)
FNDA:26,(anonymous_3)
FNDA:6,mapStatetoProps
DA:8,1
DA:12,2
DA:13,2
DA:14,1
DA:16,1
DA:21,2
DA:22,1
DA:24,1
DA:29,26
DA:30,26
DA:31,26
DA:32,26
DA:155,6
LF:13
LH:13
BRDA:13,0,0,1
BRDA:13,0,1,1
BRDA:21,1,0,1
BRDA:21,1,1,1
BRDA:35,2,0,6
BRDA:35,2,1,20
BRDA:47,3,0,10
BRDA:47,3,1,16
BRDA:60,4,0,5
BRDA:60,4,1,5
BRDA:113,5,0,1
BRDA:113,5,1,15
BRF:12
BRH:12
end_of_record
TN:
SF:/Users/adinoyisadiq/Documents/code/work/goodfellas-ah-frontend/src/components/shared/LargeLoader.js
FN:3,(anonymous_0)
FNF:1
FNH:1
FNDA:3,(anonymous_0)
DA:3,4
DA:4,3
LF:2
LH:2
BRF:0
BRH:0
end_of_record
TN:
SF:/Users/adinoyisadiq/Documents/code/work/goodfellas-ah-frontend/src/components/shared/Loading.js
FN:3,(anonymous_0)
FNF:1
FNH:1
FNDA:4,(anonymous_0)
DA:3,3
DA:4,4
LF:2
LH:2
BRF:0
BRH:0
end_of_record
TN:
SF:/Users/adinoyisadiq/Documents/code/work/goodfellas-ah-frontend/src/containers/App.js
FN:14,(anonymous_0)
FN:21,(anonymous_1)
FN:23,(anonymous_2)
FN:24,(anonymous_3)
FN:29,(anonymous_4)
FN:37,(anonymous_5)
FNF:6
FNH:1
FNDA:0,(anonymous_0)
FNDA:0,(anonymous_1)
FNDA:0,(anonymous_2)
FNDA:0,(anonymous_3)
FNDA:0,(anonymous_4)
FNDA:1,(anonymous_5)
DA:14,1
DA:15,0
DA:21,1
DA:22,0
DA:23,0
DA:24,0
DA:29,1
DA:30,0
DA:37,1
DA:38,1
LF:10
LH:5
BRF:0
BRH:0
end_of_record
TN:
SF:/Users/adinoyisadiq/Documents/code/work/goodfellas-ah-frontend/src/containers/ArticleCard.js
FN:7,(anonymous_0)
FN:16,(anonymous_1)
FN:18,(anonymous_2)
FN:22,(anonymous_3)
FN:29,(anonymous_4)
FN:36,(anonymous_5)
FN:49,(anonymous_6)
FN:50,(anonymous_7)
FN:54,(anonymous_8)
FN:62,(anonymous_9)
FN:64,(anonymous_10)
FN:121,(anonymous_11)
FN:144,mapStatetoProps
FNF:13
FNH:13
FNDA:10,(anonymous_0)
FNDA:10,(anonymous_1)
FNDA:20,(anonymous_2)
FNDA:10,(anonymous_3)
FNDA:10,(anonymous_4)
FNDA:2,(anonymous_5)
FNDA:40,(anonymous_6)
FNDA:20,(anonymous_7)
FNDA:10,(anonymous_8)
FNDA:10,(anonymous_9)
FNDA:20,(anonymous_10)
FNDA:12,(anonymous_11)
FNDA:4,mapStatetoProps
DA:8,10
DA:9,10
DA:17,10
DA:19,20
DA:20,20
DA:23,10
DA:24,10
DA:26,10
DA:30,10
DA:31,10
DA:32,10
DA:33,10
DA:37,2
DA:38,2
DA:39,1
DA:40,1
DA:41,1
DA:43,1
DA:44,1
DA:45,1
DA:50,40
DA:51,40
DA:55,10
DA:59,10
DA:63,10
DA:64,10
DA:65,20
DA:66,20
DA:67,20
DA:122,12
DA:123,12
DA:145,4
LF:32
LH:32
BRDA:38,0,0,1
BRDA:38,0,1,1
BRDA:80,1,0,10
BRDA:80,1,1,10
BRDA:96,2,0,10
BRDA:96,2,1,10
BRDA:125,3,0,8
BRDA:125,3,1,4
BRF:8
BRH:8
end_of_record
TN:
SF:/Users/adinoyisadiq/Documents/code/work/goodfellas-ah-frontend/src/containers/SigninForm.js
FN:15,(anonymous_0)
FN:25,(anonymous_1)
FN:30,(anonymous_2)
FN:34,(anonymous_3)
FN:64,mapStateToProps
FNF:5
FNH:4
FNDA:2,(anonymous_0)
FNDA:0,(anonymous_1)
FNDA:8,(anonymous_2)
FNDA:16,(anonymous_3)
FNDA:6,mapStateToProps
DA:16,2
DA:17,2
DA:18,2
DA:20,2
DA:21,2
DA:22,2
DA:24,2
DA:25,1
DA:26,1
DA:31,8
DA:35,16
DA:36,16
DA:37,16
DA:65,6
LF:14
LH:14
BRDA:24,0,0,1
BRDA:24,0,1,1
BRF:2
BRH:2
end_of_record
TN:
SF:/Users/adinoyisadiq/Documents/code/work/goodfellas-ah-frontend/src/containers/SignupForm.js
FN:23,(anonymous_0)
FN:63,(anonymous_1)
FN:68,(anonymous_2)
FN:73,(anonymous_3)
FN:138,(anonymous_4)
FNF:5
FNH:4
FNDA:2,(anonymous_0)
FNDA:0,(anonymous_1)
FNDA:30,(anonymous_2)
FNDA:41,(anonymous_3)
FNDA:9,(anonymous_4)
DA:9,3
DA:24,2
DA:28,2
DA:30,2
DA:38,2
DA:47,2
DA:49,2
DA:51,2
DA:58,2
DA:62,2
DA:63,1
DA:64,1
DA:69,30
DA:81,41
DA:83,41
DA:85,41
DA:138,9
LF:17
LH:17
BRDA:62,0,0,1
BRDA:62,0,1,1
BRF:2
BRH:2
end_of_record
TN:
SF:/Users/adinoyisadiq/Documents/code/work/goodfellas-ah-frontend/src/containers/SocialAuth.js
FN:9,(anonymous_0)
FN:13,(anonymous_1)
FN:22,(anonymous_2)
FNF:3
FNH:2
FNDA:2,(anonymous_0)
FNDA:0,(anonymous_1)
FNDA:2,(anonymous_2)
DA:10,2
DA:11,2
DA:13,2
DA:14,0
DA:15,0
DA:17,0
DA:23,2
LF:7
LH:4
BRDA:14,0,0,0
BRDA:14,0,1,0
BRF:2
BRH:0
end_of_record
TN:
SF:/Users/adinoyisadiq/Documents/code/work/goodfellas-ah-frontend/src/containers/hoc/authenticate.js
FN:4,(anonymous_0)
FN:6,(anonymous_1)
FN:10,(anonymous_2)
FN:14,(anonymous_3)
FN:21,(anonymous_4)
FN:26,mapStateToProps
FNF:6
FNH:1
FNDA:1,(anonymous_0)
FNDA:0,(anonymous_1)
FNDA:0,(anonymous_2)
FNDA:0,(anonymous_3)
FNDA:0,(anonymous_4)
FNDA:0,mapStateToProps
DA:7,0
DA:11,0
DA:15,0
DA:16,0
DA:17,0
DA:22,0
DA:27,0
DA:30,1
LF:8
LH:1
BRDA:16,0,0,0
BRDA:16,0,1,0
BRF:2
BRH:0
end_of_record
TN:
SF:/Users/adinoyisadiq/Documents/code/work/goodfellas-ah-frontend/src/lib/validation.js
FN:1,(anonymous_0)
FN:5,(anonymous_1)
FNF:2
FNH:2
FNDA:4,(anonymous_0)
FNDA:14,(anonymous_1)
DA:1,5
DA:2,4
DA:5,4
DA:6,14
DA:7,7
DA:8,7
DA:13,4
DA:14,4
DA:15,2
DA:16,0
DA:17,0
DA:22,4
DA:23,4
DA:24,2
DA:25,0
DA:26,0
DA:31,4
DA:32,1
DA:33,1
DA:34,0
DA:35,0
DA:39,4
LF:22
LH:16
BRDA:6,0,0,7
BRDA:6,0,1,7
BRDA:6,1,0,14
BRDA:6,1,1,7
BRDA:14,2,0,2
BRDA:14,2,1,2
BRDA:15,3,0,0
BRDA:15,3,1,2
BRDA:23,4,0,2
BRDA:23,4,1,2
BRDA:24,5,0,0
BRDA:24,5,1,2
BRDA:24,6,0,2
BRDA:24,6,1,0
BRDA:31,7,0,1
BRDA:31,7,1,3
BRDA:32,8,0,1
BRDA:32,8,1,0
BRDA:32,9,0,1
BRDA:32,9,1,1
BRDA:33,10,0,0
BRDA:33,10,1,1
BRF:22
BRH:17
end_of_record
TN:
SF:/Users/adinoyisadiq/Documents/code/work/goodfellas-ah-frontend/src/reducers/articleReducer.js
FN:4,(anonymous_0)
FNF:1
FNH:1
FNDA:45,(anonymous_0)
DA:5,45
DA:7,1
DA:9,1
DA:11,43
LF:4
LH:4
BRDA:4,0,0,45
BRDA:5,1,0,1
BRDA:5,1,1,1
BRDA:5,1,2,43
BRF:4
BRH:4
end_of_record
TN:
SF:/Users/adinoyisadiq/Documents/code/work/goodfellas-ah-frontend/src/reducers/authReducer.js
FN:4,(anonymous_0)
FNF:1
FNH:1
FNDA:42,(anonymous_0)
DA:5,42
DA:7,0
DA:9,0
DA:11,0
DA:13,42
LF:5
LH:2
BRDA:4,0,0,14
BRDA:5,1,0,0
BRDA:5,1,1,0
BRDA:5,1,2,0
BRDA:5,1,3,42
BRF:5
BRH:2
end_of_record
TN:
SF:/Users/adinoyisadiq/Documents/code/work/goodfellas-ah-frontend/src/reducers/index.js
FNF:0
FNH:0
LF:0
LH:0
BRF:0
BRH:0
end_of_record
TN:
SF:/Users/adinoyisadiq/Documents/code/work/goodfellas-ah-frontend/src/reducers/initialState/index.js
FNF:0
FNH:0
DA:1,8
LF:1
LH:1
BRF:0
BRH:0
end_of_record
TN:
SF:/Users/adinoyisadiq/Documents/code/work/goodfellas-ah-frontend/src/views/AllArticles.js
FN:3,(anonymous_0)
FNF:1
FNH:0
FNDA:0,(anonymous_0)
DA:3,1
DA:4,0
LF:2
LH:1
BRF:0
BRH:0
end_of_record
TN:
SF:/Users/adinoyisadiq/Documents/code/work/goodfellas-ah-frontend/src/views/CreateArticles.js
FN:3,(anonymous_0)
FNF:1
FNH:0
FNDA:0,(anonymous_0)
DA:3,1
DA:4,0
LF:2
LH:1
BRF:0
BRH:0
end_of_record
TN:
SF:/Users/adinoyisadiq/Documents/code/work/goodfellas-ah-frontend/src/views/LandingPage.js
FN:4,(anonymous_0)
FNF:1
FNH:1
FNDA:1,(anonymous_0)
DA:4,2
DA:5,1
LF:2
LH:2
BRF:0
BRH:0
end_of_record
TN:
SF:/Users/adinoyisadiq/Documents/code/work/goodfellas-ah-frontend/src/views/ProfilePage.js
FN:3,(anonymous_0)
FNF:1
FNH:1
FNDA:1,(anonymous_0)
DA:3,2
DA:4,1
LF:2
LH:2
BRF:0
BRH:0
end_of_record
TN:
SF:/Users/adinoyisadiq/Documents/code/work/goodfellas-ah-frontend/src/views/SigninPage.js
FN:6,(anonymous_0)
FNF:1
FNH:1
FNDA:1,(anonymous_0)
DA:6,2
DA:7,1
LF:2
LH:2
BRF:0
BRH:0
end_of_record
TN:
SF:/Users/adinoyisadiq/Documents/code/work/goodfellas-ah-frontend/src/views/SignupPage.js
FN:6,(anonymous_0)
FNF:1
FNH:1
FNDA:1,(anonymous_0)
DA:6,2
DA:7,1
LF:2
LH:2
BRF:0
BRH:0
end_of_record
TN:
SF:/Users/adinoyisadiq/Documents/code/work/goodfellas-ah-frontend/src/views/SocialAuthPage.js
FN:4,(anonymous_0)
FNF:1
FNH:1
FNDA:1,(anonymous_0)
DA:4,2
DA:5,1
LF:2
LH:2
BRF:0
BRH:0
end_of_record
